Serving "webapp/" at http://127.0.0.1:5001
Failed to inject refresh script! Couldn't find any of the tags  [ /<\/body>/i, /<\/svg>/ ] from /usr/local/app/nowce-browser/admin-portal/webapp/app/app.component.html
Failed to inject refresh script! Couldn't find any of the tags  [ /<\/body>/i, /<\/svg>/ ] from /usr/local/app/nowce-browser/admin-portal/webapp/app/footer-nav/footer-nav.component.html
Failed to inject refresh script! Couldn't find any of the tags  [ /<\/body>/i, /<\/svg>/ ] from /usr/local/app/nowce-browser/admin-portal/webapp/app/main-nav/main-nav.component.html
Failed to inject refresh script! Couldn't find any of the tags  [ /<\/body>/i, /<\/svg>/ ] from /usr/local/app/nowce-browser/admin-portal/webapp/app/home/home.component.html
Failed to inject refresh script! Couldn't find any of the tags  [ /<\/body>/i, /<\/svg>/ ] from /usr/local/app/nowce-browser/admin-portal/webapp/app/footer-nav/footer-nav.component.html
Failed to inject refresh script! Couldn't find any of the tags  [ /<\/body>/i, /<\/svg>/ ] from /usr/local/app/nowce-browser/admin-portal/webapp/app/app.component.html
Failed to inject refresh script! Couldn't find any of the tags  [ /<\/body>/i, /<\/svg>/ ] from /usr/local/app/nowce-browser/admin-portal/webapp/app/main-nav/main-nav.component.html
Failed to inject refresh script! Couldn't find any of the tags  [ /<\/body>/i, /<\/svg>/ ] from /usr/local/app/nowce-browser/admin-portal/webapp/app/home/home.component.html
Failed to inject refresh script! Couldn't find any of the tags  [ /<\/body>/i, /<\/svg>/ ] from /usr/local/app/nowce-browser/admin-portal/webapp/app/contributor/dashboard/dashboard.component.html
Failed to inject refresh script! Couldn't find any of the tags  [ /<\/body>/i, /<\/svg>/ ] from /usr/local/app/nowce-browser/admin-portal/webapp/app/contributor/contributor.component.html
Failed to inject refresh script! Couldn't find any of the tags  [ /<\/body>/i, /<\/svg>/ ] from /usr/local/app/nowce-browser/admin-portal/webapp/app/contributor/dashboard/dashboard.component.html
Failed to inject refresh script! Couldn't find any of the tags  [ /<\/body>/i, /<\/svg>/ ] from /usr/local/app/nowce-browser/admin-portal/webapp/app/contributor/contributor.component.html
Failed to inject refresh script! Couldn't find any of the tags  [ /<\/body>/i, /<\/svg>/ ] from /usr/local/app/nowce-browser/admin-portal/webapp/app/contributor/disclosure/edit/edit.component.html
Failed to inject refresh script! Couldn't find any of the tags  [ /<\/body>/i, /<\/svg>/ ] from /usr/local/app/nowce-browser/admin-portal/webapp/app/contributor/disclosure/edit/financial/financial-master/financial-master.component.html
Failed to inject refresh script! Couldn't find any of the tags  [ /<\/body>/i, /<\/svg>/ ] from /usr/local/app/nowce-browser/admin-portal/webapp/app/contributor/disclosure/edit/financial/financial.component.html
Failed to inject refresh script! Couldn't find any of the tags  [ /<\/body>/i, /<\/svg>/ ] from /usr/local/app/nowce-browser/admin-portal/webapp/app/contributor/disclosure/edit/financial/financial-detail/financial-detail.component.html
Failed to inject refresh script! Couldn't find any of the tags  [ /<\/body>/i, /<\/svg>/ ] from /usr/local/app/nowce-browser/admin-portal/webapp/app/contributor/disclosure/edit/payments/payments.component.html
Failed to inject refresh script! Couldn't find any of the tags  [ /<\/body>/i, /<\/svg>/ ] from /usr/local/app/nowce-browser/admin-portal/webapp/app/contributor/disclosure/edit/payments/payments-detail/payments-detail.component.html
Failed to inject refresh script! Couldn't find any of the tags  [ /<\/body>/i, /<\/svg>/ ] from /usr/local/app/nowce-browser/admin-portal/webapp/app/contributor/disclosure/edit/patents/patents-master/patents-master.component.html
Failed to inject refresh script! Couldn't find any of the tags  [ /<\/body>/i, /<\/svg>/ ] from /usr/local/app/nowce-browser/admin-portal/webapp/app/contributor/disclosure/edit/patents/patents.component.html
Failed to inject refresh script! Couldn't find any of the tags  [ /<\/body>/i, /<\/svg>/ ] from /usr/local/app/nowce-browser/admin-portal/webapp/app/contributor/disclosure/edit/patents/patents-detail/patents-detail.component.html
Failed to inject refresh script! Couldn't find any of the tags  [ /<\/body>/i, /<\/svg>/ ] from /usr/local/app/nowce-browser/admin-portal/webapp/app/contributor/disclosure/edit/partnerships/partnerships.component.html
Failed to inject refresh script! Couldn't find any of the tags  [ /<\/body>/i, /<\/svg>/ ] from /usr/local/app/nowce-browser/admin-portal/webapp/app/contributor/disclosure/edit/partnerships/partnerships-master/partnerships-master.component.html
Failed to inject refresh script! Couldn't find any of the tags  [ /<\/body>/i, /<\/svg>/ ] from /usr/local/app/nowce-browser/admin-portal/webapp/app/contributor/disclosure/edit/partnerships/partnerships-detail/partnerships-detail.component.html
Failed to inject refresh script! Couldn't find any of the tags  [ /<\/body>/i, /<\/svg>/ ] from /usr/local/app/nowce-browser/admin-portal/webapp/app/contributor/disclosure/edit/activities/activities.component.html
Failed to inject refresh script! Couldn't find any of the tags  [ /<\/body>/i, /<\/svg>/ ] from /usr/local/app/nowce-browser/admin-portal/webapp/app/contributor/disclosure/edit/activities/activities-master/activities-master.component.html
Failed to inject refresh script! Couldn't find any of the tags  [ /<\/body>/i, /<\/svg>/ ] from /usr/local/app/nowce-browser/admin-portal/webapp/app/contributor/disclosure/edit/activities/activities-detail/activities-detail.component.html
Failed to inject refresh script! Couldn't find any of the tags  [ /<\/body>/i, /<\/svg>/ ] from /usr/local/app/nowce-browser/admin-portal/webapp/app/contributor/disclosure/edit/contributor/contributor.component.html
Failed to inject refresh script! Couldn't find any of the tags  [ /<\/body>/i, /<\/svg>/ ] from /usr/local/app/nowce-browser/admin-portal/webapp/app/contributor/disclosure/edit/contributor/contributor-master/contributor-master.component.html
Failed to inject refresh script! Couldn't find any of the tags  [ /<\/body>/i, /<\/svg>/ ] from /usr/local/app/nowce-browser/admin-portal/webapp/app/contributor/disclosure/edit/contributor/contributor-detail/contributor-detail.component.html
Failed to inject refresh script! Couldn't find any of the tags  [ /<\/body>/i, /<\/svg>/ ] from /usr/local/app/nowce-browser/admin-portal/webapp/app/contributor/disclosure/edit/financial/financial.component.html
Failed to inject refresh script! Couldn't find any of the tags  [ /<\/body>/i, /<\/svg>/ ] from /usr/local/app/nowce-browser/admin-portal/webapp/app/contributor/disclosure/edit/financial/financial-master/financial-master.component.html
Failed to inject refresh script! Couldn't find any of the tags  [ /<\/body>/i, /<\/svg>/ ] from /usr/local/app/nowce-browser/admin-portal/webapp/app/contributor/disclosure/edit/edit.component.html
Failed to inject refresh script! Couldn't find any of the tags  [ /<\/body>/i, /<\/svg>/ ] from /usr/local/app/nowce-browser/admin-portal/webapp/app/contributor/disclosure/edit/financial/financial-detail/financial-detail.component.html
Failed to inject refresh script! Couldn't find any of the tags  [ /<\/body>/i, /<\/svg>/ ] from /usr/local/app/nowce-browser/admin-portal/webapp/app/contributor/disclosure/edit/payments/payments.component.html
Failed to inject refresh script! Couldn't find any of the tags  [ /<\/body>/i, /<\/svg>/ ] from /usr/local/app/nowce-browser/admin-portal/webapp/app/contributor/disclosure/edit/patents/patents.component.html
Failed to inject refresh script! Couldn't find any of the tags  [ /<\/body>/i, /<\/svg>/ ] from /usr/local/app/nowce-browser/admin-portal/webapp/app/contributor/disclosure/edit/payments/payments-detail/payments-detail.component.html
Failed to inject refresh script! Couldn't find any of the tags  [ /<\/body>/i, /<\/svg>/ ] from /usr/local/app/nowce-browser/admin-portal/webapp/app/contributor/disclosure/edit/patents/patents-master/patents-master.component.html
Failed to inject refresh script! Couldn't find any of the tags  [ /<\/body>/i, /<\/svg>/ ] from /usr/local/app/nowce-browser/admin-portal/webapp/app/contributor/disclosure/edit/patents/patents-detail/patents-detail.component.html
Failed to inject refresh script! Couldn't find any of the tags  [ /<\/body>/i, /<\/svg>/ ] from /usr/local/app/nowce-browser/admin-portal/webapp/app/contributor/disclosure/edit/partnerships/partnerships.component.html
Failed to inject refresh script! Couldn't find any of the tags  [ /<\/body>/i, /<\/svg>/ ] from /usr/local/app/nowce-browser/admin-portal/webapp/app/contributor/disclosure/edit/partnerships/partnerships-master/partnerships-master.component.html
Failed to inject refresh script! Couldn't find any of the tags  [ /<\/body>/i, /<\/svg>/ ] from /usr/local/app/nowce-browser/admin-portal/webapp/app/contributor/disclosure/edit/partnerships/partnerships-detail/partnerships-detail.component.html
Failed to inject refresh script! Couldn't find any of the tags  [ /<\/body>/i, /<\/svg>/ ] from /usr/local/app/nowce-browser/admin-portal/webapp/app/contributor/disclosure/edit/activities/activities-master/activities-master.component.html
Failed to inject refresh script! Couldn't find any of the tags  [ /<\/body>/i, /<\/svg>/ ] from /usr/local/app/nowce-browser/admin-portal/webapp/app/contributor/disclosure/edit/activities/activities-detail/activities-detail.component.html
Failed to inject refresh script! Couldn't find any of the tags  [ /<\/body>/i, /<\/svg>/ ] from /usr/local/app/nowce-browser/admin-portal/webapp/app/contributor/disclosure/edit/activities/activities.component.html
Failed to inject refresh script! Couldn't find any of the tags  [ /<\/body>/i, /<\/svg>/ ] from /usr/local/app/nowce-browser/admin-portal/webapp/app/contributor/disclosure/edit/contributor/contributor.component.html
Failed to inject refresh script! Couldn't find any of the tags  [ /<\/body>/i, /<\/svg>/ ] from /usr/local/app/nowce-browser/admin-portal/webapp/app/contributor/disclosure/edit/contributor/contributor-detail/contributor-detail.component.html
Failed to inject refresh script! Couldn't find any of the tags  [ /<\/body>/i, /<\/svg>/ ] from /usr/local/app/nowce-browser/admin-portal/webapp/app/contributor/disclosure/edit/contributor/contributor-master/contributor-master.component.html
Failed to inject refresh script! Couldn't find any of the tags  [ /<\/body>/i, /<\/svg>/ ] from /usr/local/app/nowce-browser/admin-portal/webapp/app/account/select/account-select.component.html
Failed to inject refresh script! Couldn't find any of the tags  [ /<\/body>/i, /<\/svg>/ ] from /usr/local/app/nowce-browser/admin-portal/webapp/app/account/select/ledger-search-form/ledger-search-form.component.html
Failed to inject refresh script! Couldn't find any of the tags  [ /<\/body>/i, /<\/svg>/ ] from /usr/local/app/nowce-browser/admin-portal/webapp/app/account/select/provider-select/provider-select.component.html
Failed to inject refresh script! Couldn't find any of the tags  [ /<\/body>/i, /<\/svg>/ ] from /usr/local/app/nowce-browser/admin-portal/webapp/app/account/select/user-list-master/user-list-master.component.html
Failed to inject refresh script! Couldn't find any of the tags  [ /<\/body>/i, /<\/svg>/ ] from /usr/local/app/nowce-browser/admin-portal/webapp/app/account/account.component.html
Failed to inject refresh script! Couldn't find any of the tags  [ /<\/body>/i, /<\/svg>/ ] from /usr/local/app/nowce-browser/admin-portal/webapp/app/account/user/user-ledger-master/user-ledger-master.component.html
Failed to inject refresh script! Couldn't find any of the tags  [ /<\/body>/i, /<\/svg>/ ] from /usr/local/app/nowce-browser/admin-portal/webapp/app/account/user/user-ledger-detail/user-ledger-detail.component.html
Failed to inject refresh script! Couldn't find any of the tags  [ /<\/body>/i, /<\/svg>/ ] from /usr/local/app/nowce-browser/admin-portal/webapp/app/account/user/user-account.component.html
[0mGET /vendor/reflect-metadata/Reflect.js.map [33m404 [0m2.060 ms - 51[0m
[0mGET /vendor/bootstrap/dist/css/bootstrap.min.css.map [33m404 [0m0.671 ms - 60[0m
[0mGET /phpmyadmin/scripts/setup.php [33m404 [0m0.545 ms - 41[0m
Failed to inject refresh script! Couldn't find any of the tags  [ /<\/body>/i, /<\/svg>/ ] from /usr/local/app/nowce-browser/admin-portal/webapp/app/app.component.html
Failed to inject refresh script! Couldn't find any of the tags  [ /<\/body>/i, /<\/svg>/ ] from /usr/local/app/nowce-browser/admin-portal/webapp/app/main-nav/main-nav.component.html
Failed to inject refresh script! Couldn't find any of the tags  [ /<\/body>/i, /<\/svg>/ ] from /usr/local/app/nowce-browser/admin-portal/webapp/app/footer-nav/footer-nav.component.html
Failed to inject refresh script! Couldn't find any of the tags  [ /<\/body>/i, /<\/svg>/ ] from /usr/local/app/nowce-browser/admin-portal/webapp/app/home/home.component.html
